<?xml version="1.0" encoding="UTF-8"?>
<!-- Generated by org.testng.reporters.JUnitReportReporter -->
<testsuite hostname="DESKTOP-EER3MNQ" failures="0" tests="1" name="com.wordpress.tests.WPLoginTests" time="5.123" errors="0" timestamp="2021-03-07T10:49:11 ART" skipped="0">
  <testcase classname="com.wordpress.tests.WPLoginTests" name="invalidLogin" time="5.123"/>
  <system-out/>
</testsuite> <!-- com.wordpress.tests.WPLoginTests -->
